[17:00:28] [main/INFO]: Loading Minecraft 1.20.1 with Fabric Loader 0.16.3
[17:00:28] [ForkJoinPool-1-worker-3/WARN]: Mod elementals uses the version ${version} which isn't compatible with Loader's extended semantic version format (Could not parse version number component '${version}'!), SemVer is recommended for reliably evaluating dependencies and prioritizing newer version
[17:00:28] [ForkJoinPool-1-worker-1/WARN]: The mod "necronomicon" contains invalid entries in its mod json:
- Unsupported root entry "credits" at line 10 column 14
[17:00:28] [main/INFO]: Loading 105 mods:
	- architectury 9.2.14
	- balm-fabric 7.3.9
	   \-- kuma_api 20.1.8
	- cardinal-components 5.2.3
	   |-- cardinal-components-base 5.2.3
	   |-- cardinal-components-block 5.2.3
	   |-- cardinal-components-chunk 5.2.3
	   |-- cardinal-components-entity 5.2.3
	   |-- cardinal-components-item 5.2.3
	   |-- cardinal-components-level 5.2.3
	   |-- cardinal-components-scoreboard 5.2.3
	   \-- cardinal-components-world 5.2.3
	- cloth-config 11.1.136
	   \-- cloth-basic-math 0.6.1
	- elementals ${version}
	- fabric-api 0.92.3+1.20.1
	   |-- fabric-api-base 0.4.31+1802ada577
	   |-- fabric-api-lookup-api-v1 1.6.36+1802ada577
	   |-- fabric-biome-api-v1 13.0.13+1802ada577
	   |-- fabric-block-api-v1 1.0.11+1802ada577
	   |-- fabric-block-view-api-v2 1.0.1+1802ada577
	   |-- fabric-blockrenderlayer-v1 1.1.41+1802ada577
	   |-- fabric-client-tags-api-v1 1.1.2+1802ada577
	   |-- fabric-command-api-v1 1.2.34+f71b366f77
	   |-- fabric-command-api-v2 2.2.13+1802ada577
	   |-- fabric-commands-v0 0.2.51+df3654b377
	   |-- fabric-containers-v0 0.1.65+df3654b377
	   |-- fabric-content-registries-v0 4.0.12+1802ada577
	   |-- fabric-convention-tags-v1 1.5.5+1802ada577
	   |-- fabric-crash-report-info-v1 0.2.19+1802ada577
	   |-- fabric-data-attachment-api-v1 1.0.1+de0fd6d177
	   |-- fabric-data-generation-api-v1 12.3.5+1802ada577
	   |-- fabric-dimensions-v1 2.1.54+1802ada577
	   |-- fabric-entity-events-v1 1.6.0+1c78457f77
	   |-- fabric-events-interaction-v0 0.6.3+13a40c6677
	   |-- fabric-events-lifecycle-v0 0.2.63+df3654b377
	   |-- fabric-game-rule-api-v1 1.0.40+1802ada577
	   |-- fabric-item-api-v1 2.1.28+1802ada577
	   |-- fabric-item-group-api-v1 4.0.13+1802ada577
	   |-- fabric-key-binding-api-v1 1.0.37+1802ada577
	   |-- fabric-keybindings-v0 0.2.35+df3654b377
	   |-- fabric-lifecycle-events-v1 2.2.22+1802ada577
	   |-- fabric-loot-api-v2 1.2.2+1802ada577
	   |-- fabric-loot-tables-v1 1.1.46+9e7660c677
	   |-- fabric-message-api-v1 5.1.9+1802ada577
	   |-- fabric-mining-level-api-v1 2.1.51+1802ada577
	   |-- fabric-model-loading-api-v1 1.0.3+1802ada577
	   |-- fabric-models-v0 0.4.2+9386d8a777
	   |-- fabric-networking-api-v1 1.3.12+13a40c6677
	   |-- fabric-networking-v0 0.3.52+df3654b377
	   |-- fabric-object-builder-api-v1 11.1.4+1802ada577
	   |-- fabric-particles-v1 1.1.2+1802ada577
	   |-- fabric-recipe-api-v1 1.0.22+1802ada577
	   |-- fabric-registry-sync-v0 2.3.4+1802ada577
	   |-- fabric-renderer-api-v1 3.2.1+1802ada577
	   |-- fabric-renderer-indigo 1.5.2+85287f9f77
	   |-- fabric-renderer-registries-v1 3.2.46+df3654b377
	   |-- fabric-rendering-data-attachment-v1 0.3.37+92a0d36777
	   |-- fabric-rendering-fluids-v1 3.0.28+1802ada577
	   |-- fabric-rendering-v0 1.1.49+df3654b377
	   |-- fabric-rendering-v1 3.0.8+1802ada577
	   |-- fabric-resource-conditions-api-v1 2.3.8+1802ada577
	   |-- fabric-resource-loader-v0 0.11.11+fb82e9d777
	   |-- fabric-screen-api-v1 2.0.8+1802ada577
	   |-- fabric-screen-handler-api-v1 1.3.31+1802ada577
	   |-- fabric-sound-api-v1 1.0.13+1802ada577
	   |-- fabric-transfer-api-v1 3.3.5+8dd72ea377
	   \-- fabric-transitive-access-wideners-v1 4.3.1+1802ada577
	- fabricloader 0.16.3
	   \-- mixinextras 0.4.1
	- forgeconfigapiport 8.0.1
	- geckolib 4.4.5
	   \-- com_eliotlash_mclib_mclib 20
	- jade 11.12.0+fabric
	- java 17
	- justzoom 2.0.0
	- knightquest 1.5.0
	- konkrete 1.8.1
	- minecraft 1.20.1
	- mr_dungeons_andtavernsstrongholdrework 1
	- mutantmonsters 8.0.7
	   \-- extensibleenums 7.0.1
	- mvs 4.1.4-1.20-fabric
	- necronomicon 1.4.2
	- netherexp 2.1.3
	   \-- mixinextras 0.4.1
	- puzzleslib 8.1.25
	   \-- puzzlesaccessapi 8.0.7
	- terrablender 3.0.1.7
	   |-- com_electronwill_night-config_core 3.6.7
	   \-- com_electronwill_night-config_toml 3.6.7
	- travelersbackpack 9.1.28
	   \-- reach-entity-attributes 2.4.0
	- trinkets 3.7.2
	- universal-graves 3.0.3+1.20.1
	   |-- common-protection-api 1.0.0
	   |-- fabric-permissions-api-v0 0.2-SNAPSHOT
	   |-- placeholder-api 2.1.3+1.20.1
	   |-- polymer-core 0.5.19+1.20.1
	   |    |-- polymer-networking 0.5.19+1.20.1
	   |    |    \-- polymer-common 0.5.19+1.20.1
	   |    |         \-- packet_tweaker 0.4.0+1.19.4
	   |    \-- polymer-registry-sync-manipulator 0.5.19+1.20.1
	   |-- polymer-resource-pack 0.5.19+1.20.1
	   |    \-- polymer-common 0.5.19+1.20.1
	   |         \-- packet_tweaker 0.4.0+1.19.4
	   |-- polymer-virtual-entity 0.5.19+1.20.1
	   |    \-- polymer-common 0.5.19+1.20.1
	   |         \-- packet_tweaker 0.4.0+1.19.4
	   |-- predicate-api 0.2.1+1.20.1
	   |-- server_translations_api 2.0.0+1.20
	   |    \-- packet_tweaker 0.4.0+1.19.4
	   \-- sgui 1.2.2+1.20
	- voicechat 1.20.1-2.5.26
	   \-- fabric-key-binding-api-v1 1.0.36+fb8d95da82
	- waystones 14.1.3
	- yet_another_config_lib_v3 3.6.2+1.20.1-fabric
	   |-- com_twelvemonkeys_common_common-image 3.12.0
	   |-- com_twelvemonkeys_common_common-io 3.12.0
	   |-- com_twelvemonkeys_common_common-lang 3.12.0
	   |-- com_twelvemonkeys_imageio_imageio-core 3.12.0
	   |-- com_twelvemonkeys_imageio_imageio-metadata 3.12.0
	   |-- com_twelvemonkeys_imageio_imageio-webp 3.12.0
	   |-- org_quiltmc_parsers_gson 0.2.1
	   \-- org_quiltmc_parsers_json 0.2.1
[17:00:29] [main/INFO]: SpongePowered MIXIN Subsystem Version=0.8.7 Source=file:/workspaces/warworld/servidor_minecraft/libraries/net/fabricmc/sponge-mixin/0.15.2+mixin.0.8.7/sponge-mixin-0.15.2+mixin.0.8.7.jar Service=Knot/Fabric Env=SERVER
[17:00:29] [main/INFO]: Compatibility level set to JAVA_16
[17:00:29] [main/INFO]: Compatibility level set to JAVA_17
[17:00:30] [main/WARN]: Error loading class: com/simibubi/create/content/kinetics/base/BlockBreakingKineticBlockEntity (java.lang.ClassNotFoundException: com/simibubi/create/content/kinetics/base/BlockBreakingKineticBlockEntity)
[17:00:30] [main/INFO]: Initializing MixinExtras via com.llamalad7.mixinextras.service.MixinExtrasServiceImpl(version=0.4.1).
[17:00:37] [main/INFO]: Initialising the cool stuff...
[17:00:37] [main/WARN]: [JUST ZOOM] Disabling 'Just Zoom' since it's a client-side mod and current environment is server!
[17:00:37] [main/ERROR]: No data fixer registered for gremlin
[17:00:37] [main/ERROR]: No data fixer registered for eldbomb
[17:00:37] [main/ERROR]: No data fixer registered for eldknight
[17:00:37] [main/ERROR]: No data fixer registered for samhain
[17:00:37] [main/ERROR]: No data fixer registered for swampman
[17:00:37] [main/ERROR]: No data fixer registered for ratman
[17:00:37] [main/ERROR]: No data fixer registered for lizzy
[17:00:37] [main/ERROR]: No data fixer registered for bad_patch
[17:00:37] [main/ERROR]: No data fixer registered for ghastling
[17:00:37] [main/ERROR]: No data fixer registered for ghosty
[17:00:37] [main/ERROR]: No data fixer registered for netherman
[17:00:37] [main/ERROR]: No data fixer registered for netherman_clone
[17:00:37] [main/ERROR]: No data fixer registered for netherman_teleport_charge
[17:00:37] [main/INFO]: Registering Item Group: knightquest
[17:00:37] [main/INFO]: Registering sounds for knightquest...
[17:00:37] [main/INFO]: Registering entities for knightquest
[17:00:37] [main/INFO]: [KONKRETE] Successfully initialized!
[17:00:37] [main/INFO]: [KONKRETE] Server-side libs ready to use!
[17:00:37] [main/ERROR]: No data fixer registered for creeper_minion
[17:00:37] [main/ERROR]: No data fixer registered for mutant_creeper
[17:00:37] [main/ERROR]: No data fixer registered for mutant_enderman
[17:00:37] [main/ERROR]: No data fixer registered for mutant_skeleton
[17:00:37] [main/ERROR]: No data fixer registered for mutant_snow_golem
[17:00:37] [main/ERROR]: No data fixer registered for mutant_zombie
[17:00:37] [main/ERROR]: No data fixer registered for spider_pig
[17:00:37] [main/ERROR]: No data fixer registered for body_part
[17:00:37] [main/ERROR]: No data fixer registered for creeper_minion_egg
[17:00:37] [main/ERROR]: No data fixer registered for endersoul_clone
[17:00:37] [main/ERROR]: No data fixer registered for endersoul_fragment
[17:00:37] [main/ERROR]: No data fixer registered for throwable_block
[17:00:37] [main/INFO]: Constructing common components for mutantmonsters:main
[17:00:38] [main/INFO]: Loading common config for mutantmonsters
[17:00:38] [Thread-2/INFO]: Reloading common config for mutantmonsters
[17:00:38] [Thread-2/INFO]: Reloading common config for mutantmonsters
[17:00:38] [main/INFO]: Necronomicon Initialized
[17:00:38] [main/INFO]: File exists, reading config for elocindev.necronomicon.NecronomiconConfig.
[17:00:38] [main/INFO]: Config for elocindev.necronomicon.NecronomiconConfig read successfully.
[17:00:38] [main/ERROR]: No data fixer registered for apparition
[17:00:38] [main/ERROR]: No data fixer registered for wisp
[17:00:38] [main/ERROR]: No data fixer registered for vessel
[17:00:38] [main/ERROR]: No data fixer registered for ecto_slab
[17:00:38] [main/ERROR]: No data fixer registered for banshee
[17:00:38] [main/ERROR]: No data fixer registered for stampede
[17:00:38] [main/ERROR]: No data fixer registered for carcass
[17:00:38] [main/ERROR]: No data fixer registered for soul_bullet
[17:00:38] [main/ERROR]: No data fixer registered for blood_drop
[17:00:38] [main/ERROR]: No data fixer registered for phasmo_arrow
[17:00:38] [main/ERROR]: No data fixer registered for mist_charge
[17:00:38] [main/ERROR]: No data fixer registered for grave_cloud
[17:00:38] [main/ERROR]: No data fixer registered for will_o_wisp
[17:00:38] [main/ERROR]: No data fixer registered for antidote
[17:00:38] [main/ERROR]: No data fixer registered for grenade_effect_cloud
[17:00:38] [main/INFO]: Constructing common components for puzzleslib:main
[17:00:38] [main/ERROR]: No data fixer registered for 
[17:00:38] [main/INFO]: Registered the FluidEffect with Unique ID of minecraft:water for Water (Fluid Amount Required: 81000) with the ID 0
[17:00:38] [main/INFO]: Registered the FluidEffect with Unique ID of minecraft:lava for Lava (Fluid Amount Required: 81000) with the ID 1
[17:00:38] [main/INFO]: Registered the FluidEffect with Unique ID of travelersbackpack:potion for block.travelersbackpack.potion_still (Fluid Amount Required: 27000) with the ID 2
[17:00:38] [main/INFO]: Registered the FluidEffect with Unique ID of minecraft:milk for Air (Fluid Amount Required: 81000) with the ID 3
[17:00:39] [main/INFO]: [voicechat] Compatibility version 18
[17:00:39] [main/INFO]: [voicechat] Loading plugins
[17:00:39] [main/INFO]: [voicechat] Loaded 0 plugin(s)
[17:00:39] [main/INFO]: [voicechat] Initializing plugins
[17:00:39] [main/INFO]: [voicechat] Initialized 0 plugin(s)
[17:00:39] [main/INFO]: Environment: authHost='https://authserver.mojang.com', accountsHost='https://api.mojang.com', sessionHost='https://sessionserver.mojang.com', servicesHost='https://api.minecraftservices.com', name='PROD'
[17:00:40] [main/INFO]: [fabric-registry-sync] Loaded registry data [file 1/4]
[17:00:41] [main/INFO]: Loaded 8 recipes
[17:00:41] [main/ERROR]: Couldn't load tag minecraft:tick as it is missing following references: nova_structures:mobs (from fabric)
[17:00:41] [main/ERROR]: Parsing error loading custom advancement knightquest:recipes/misc/great_chalice: Missing criteria, expected to find a JsonObject
[17:00:41] [main/ERROR]: Parsing error loading custom advancement knightquest:recipes/misc/great_essence_to_small_essence: Missing criteria, expected to find a JsonObject
[17:00:41] [main/ERROR]: Parsing error loading custom advancement knightquest:recipes/misc/totem_of_undying_to_small_essence: Missing criteria, expected to find a JsonObject
[17:00:41] [main/ERROR]: Parsing error loading custom advancement knightquest:recipes/misc/empty_goblet: Missing criteria, expected to find a JsonObject
[17:00:41] [main/ERROR]: Parsing error loading custom advancement knightquest:recipes/misc/small_essence_to_great_essence: Missing criteria, expected to find a JsonObject
[17:00:41] [main/ERROR]: Parsing error loading custom advancement knightquest:recipes/misc/elytra_to_small_essence: Missing criteria, expected to find a JsonObject
[17:00:41] [main/ERROR]: Parsing error loading custom advancement knightquest:recipes/misc/nether_star_to_small_essence: Missing criteria, expected to find a JsonObject
[17:00:41] [main/ERROR]: Parsing error loading custom advancement knightquest:recipes/misc/heart_of_the_sea_to_small_essence: Missing criteria, expected to find a JsonObject
[17:00:41] [main/INFO]: Loaded 1793 advancements
[17:00:41] [ForkJoinPool.commonPool-worker-1/INFO]: Loaded 58 translation keys
[17:00:42] [main/INFO]: Registered region minecraft:overworld to index 0 for type OVERWORLD
[17:00:42] [main/INFO]: Registered region minecraft:nether to index 0 for type NETHER
[17:00:42] [main/INFO]: Initialized TerraBlender biomes for level stem minecraft:the_nether
[17:00:42] [main/INFO]: Initialized TerraBlender biomes for level stem minecraft:overworld
[17:00:42] [main/INFO]: Applied 194 biome modifications to 68 of 68 new biomes in 20.35 ms
[17:00:42] [Server thread/INFO]: Loading server config for mutantmonsters
[17:00:42] [Thread-2/INFO]: Reloading server config for mutantmonsters
[17:00:42] [Thread-2/INFO]: Reloading server config for mutantmonsters
[17:00:43] [Server thread/INFO]: Starting minecraft server version 1.20.1
[17:00:43] [Server thread/INFO]: Loading properties
[17:00:43] [Server thread/INFO]: Default game type: SURVIVAL
[17:00:43] [Server thread/INFO]: Generating keypair
[17:00:43] [Server thread/INFO]: Starting Minecraft server on *:25565
[17:00:43] [Server thread/INFO]: Using epoll channel type
[17:00:43] [Server thread/WARN]: **** SERVER IS RUNNING IN OFFLINE/INSECURE MODE!
[17:00:43] [Server thread/WARN]: The server will make no attempt to authenticate usernames. Beware.
[17:00:43] [Server thread/WARN]: While this makes the game possible to play without internet access, it also opens up the ability for hackers to connect with any username they choose.
[17:00:43] [Server thread/WARN]: To change this, set "online-mode" to "true" in the server.properties file.
[17:00:43] [Server thread/INFO]: Preparing level "world"
[17:00:48] [Server thread/INFO]: Preparing start region for dimension minecraft:overworld
[17:00:53] [Worker-Main-2/INFO]: Preparing spawn area: 0%
[17:00:53] [Worker-Main-2/INFO]: Preparing spawn area: 0%
[17:00:53] [Worker-Main-2/INFO]: Preparing spawn area: 0%
[17:00:53] [Worker-Main-1/INFO]: Preparing spawn area: 0%
[17:00:53] [Worker-Main-1/INFO]: Preparing spawn area: 0%
[17:00:53] [Worker-Main-2/INFO]: Preparing spawn area: 0%
[17:00:53] [Worker-Main-3/INFO]: Preparing spawn area: 0%
[17:00:53] [Worker-Main-3/INFO]: Preparing spawn area: 0%
[17:00:53] [Worker-Main-1/INFO]: Preparing spawn area: 0%
[17:00:53] [Worker-Main-1/INFO]: Preparing spawn area: 0%
[17:00:53] [Worker-Main-2/INFO]: Preparing spawn area: 0%
[17:00:53] [Worker-Main-1/INFO]: Preparing spawn area: 15%
[17:00:54] [Worker-Main-1/INFO]: Preparing spawn area: 77%
[17:00:54] [Server thread/INFO]: Time elapsed: 6163 ms
[17:00:54] [Server thread/INFO]: Done (11.069s)! For help, type "help"
[17:00:54] [Server thread/INFO]: Start loading plugin from Jade
[17:00:54] [Server thread/INFO]: Start loading plugin from Jade
[17:00:54] [Server thread/INFO]: Start loading plugin from Jade
[17:00:54] [Server thread/INFO]: Start loading plugin from Polymer (Core)
[17:00:54] [Server thread/INFO]: Start loading plugin from Waystones
[17:00:54] [Server thread/WARN]: [voicechat] Running in offline mode - Voice chat encryption is not secure!
[17:00:54] [VoiceChatServerThread/INFO]: [voicechat] Voice chat server started at port 25565
[17:01:31] [Server thread/WARN]: Invalid statistic in ./world/stats/37af76de-871c-367e-9d61-a2b4485ee6bb.json: Don't know what gravestones:gravestone is
[17:01:31] [Server thread/WARN]: Invalid statistic in ./world/stats/37af76de-871c-367e-9d61-a2b4485ee6bb.json: Don't know what gravestones:gravestone is
[17:01:31] [Server thread/WARN]: Invalid statistic in ./world/stats/37af76de-871c-367e-9d61-a2b4485ee6bb.json: Don't know what gravestones:gravestone is
[17:01:33] [Server thread/INFO]: Warwolfth[/127.6.226.194:38445] logged in with entity id 186 at (-426.9366592094684, 65.0, -393.3841491682098)
[17:01:33] [Server thread/INFO]: Syncing config to Warwolfth (37af76de-871c-367e-9d61-a2b4485ee6bb)
[17:01:33] [Server thread/INFO]: Loading config from file...
[17:01:33] [Server thread/INFO]: [voicechat] Using Fabric Permissions API
[17:01:33] [Server thread/INFO]: Warwolfth joined the game
[17:01:41] [Server thread/INFO]: [voicechat] Received secret request of Warwolfth (18)
[17:01:41] [Server thread/INFO]: [voicechat] Sent secret to Warwolfth
[17:05:54] [Server thread/INFO]: [STDOUT]: saving benders
[17:07:41] [Server thread/INFO]: Warwolfth was killed
[17:07:41] [Server thread/INFO]: Created new backpack backup file for Warwolfth with unique ID travelersbackpack.wolf_22.02.2025-17.07.41.dat
[17:07:41] [Server thread/INFO]: [Warwolfth: Killed Warwolfth]
[17:07:58] [Server thread/INFO]: Warwolfth was killed
[17:07:58] [Server thread/INFO]: [Warwolfth: Killed Warwolfth]
[17:08:34] [Server thread/INFO]: [Warwolfth: Set the time to 1000]
